<?xml version="1.0" encoding="UTF-8"?>
<testsuite xmlns:xsi="http://www.w3.org/2001/XMLSchema-instance" xsi:noNamespaceSchemaLocation="https://maven.apache.org/surefire/maven-surefire-plugin/xsd/surefire-test-report.xsd" name="TestSuite" time="8.591" tests="1" errors="0" skipped="0" failures="1">
  <properties>
[...]
</properties>
  <testcase name="run" classname="xinxin.Mytest" time="1.691">
    <failure type="java.lang.NullPointerException">java.lang.NullPointerException
	at xinxin.Mytest.run(Mytest.java:27)
</failure>
    <system-out><![CDATA[2020-07-05 19:20:10:720] [INFO] [main] [xinxin.Base.to(Base.java:50)] - 璁块棶椤甸潰https://www.baidu.com/
2020-07-05 19:20:11:781] [INFO] [main] [xinxin.Base.send(Base.java:58)] - 瀹氫綅鍒?:銆?棣栭〉銆戠殑椤甸潰銆?nicai銆戝線閲岄潰鍐欏叆銆?绠?涔?銆?
2020-07-05 19:20:11:841] [INFO] [main] [xinxin.UILibraryUtil.getElementByKeyword(UILibraryUtil.java:78)] - 鑾峰彇鍏冪礌澶辫触
]]></system-out>
    <system-err><![CDATA[Starting ChromeDriver 76.0.3809.126 (d80a294506b4c9d18015e755cee48f953ddc3f2f-refs/branch-heads/3809@{#1024}) on port 5460
Only local connections are allowed.
Please protect ports used by ChromeDriver and related test frameworks to prevent access by malicious code.
七月 05, 2020 7:20:09 下午 org.openqa.selenium.remote.ProtocolHandshake createSession
信息: Detected dialect: W3C
]]></system-err>
  </testcase>
</testsuite>