-------------------------------------------------------------------------------
Test set: TestSuite
-------------------------------------------------------------------------------
Tests run: 1, Failures: 1, Errors: 0, Skipped: 0, Time elapsed: 8.591 s <<< FAILURE! - in TestSuite
run(xinxin.Mytest)  Time elapsed: 1.691 s  <<< FAILURE!
java.lang.NullPointerException
	at xinxin.Mytest.run(Mytest.java:27)

