<?xml version="1.0" encoding="UTF-8"?>
<!-- Generated by org.testng.reporters.JUnitXMLReporter -->
<testsuite hostname="DESKTOP-SILG5DT" ignored="0" name="xinxin" tests="1" failures="1" timestamp="2020-07-05T19:20:12 CST" time="1.717" errors="0">
  <testcase name="run" time="1.125" classname="xinxin.Mytest">
    <failure type="java.lang.NullPointerException">
      <![CDATA[java.lang.NullPointerException
at xinxin.Base.send(Base.java:59)
at xinxin.Mytest.run(Mytest.java:27)
at java.util.ArrayList.forEach(ArrayList.java:1249)
... Removed 32 stack frames]]>
    </failure>
  </testcase> <!-- run -->
</testsuite> <!-- xinxin -->
